<?xml version="1.0" encoding="UTF-8"?>
<testsuite xmlns:xsi="http://www.w3.org/2001/XMLSchema-instance" xsi:noNamespaceSchemaLocation="https://maven.apache.org/surefire/maven-surefire-plugin/xsd/surefire-test-report-3.0.xsd" version="3.0" name="com.example.grocerybookingapi.controller.OrderControllerTest" time="0.242" tests="1" errors="0" skipped="0" failures="0">
  <properties>
[...]
</properties>
  <testcase name="testPlaceOrder" classname="com.example.grocerybookingapi.controller.OrderControllerTest" time="0.073">
    <system-out><![CDATA[&amp#27;[2m2024-12-21 20:39:12.257&amp#27;[0;39m &amp#27;[32m INFO&amp#27;[0;39m &amp#27;[35m91125&amp#27;[0;39m &amp#27;[2m---&amp#27;[0;39m &amp#27;[2m[           main]&amp#27;[0;39m &amp#27;[36m.b.t.c.SpringBootTestContextBootstrapper&amp#27;[0;39m &amp#27;[2m:&amp#27;[0;39m Neither @ContextConfiguration nor @ContextHierarchy found for test class [com.example.grocerybookingapi.controller.OrderControllerTest], using SpringBootContextLoader
&amp#27;[2m2024-12-21 20:39:12.264&amp#27;[0;39m &amp#27;[32m INFO&amp#27;[0;39m &amp#27;[35m91125&amp#27;[0;39m &amp#27;[2m---&amp#27;[0;39m &amp#27;[2m[           main]&amp#27;[0;39m &amp#27;[36mo.s.t.c.support.AbstractContextLoader   &amp#27;[0;39m &amp#27;[2m:&amp#27;[0;39m Could not detect default resource locations for test class [com.example.grocerybookingapi.controller.OrderControllerTest]: no resource found for suffixes {-context.xml, Context.groovy}.
&amp#27;[2m2024-12-21 20:39:12.265&amp#27;[0;39m &amp#27;[32m INFO&amp#27;[0;39m &amp#27;[35m91125&amp#27;[0;39m &amp#27;[2m---&amp#27;[0;39m &amp#27;[2m[           main]&amp#27;[0;39m &amp#27;[36mt.c.s.AnnotationConfigContextLoaderUtils&amp#27;[0;39m &amp#27;[2m:&amp#27;[0;39m Could not detect default configuration classes for test class [com.example.grocerybookingapi.controller.OrderControllerTest]: OrderControllerTest does not declare any static, non-private, non-final, nested classes annotated with @Configuration.
&amp#27;[2m2024-12-21 20:39:12.305&amp#27;[0;39m &amp#27;[32m INFO&amp#27;[0;39m &amp#27;[35m91125&amp#27;[0;39m &amp#27;[2m---&amp#27;[0;39m &amp#27;[2m[           main]&amp#27;[0;39m &amp#27;[36m.b.t.c.SpringBootTestContextBootstrapper&amp#27;[0;39m &amp#27;[2m:&amp#27;[0;39m Found @SpringBootConfiguration com.example.grocerybookingapi.GroceryBookingApiApplication for test class com.example.grocerybookingapi.controller.OrderControllerTest
&amp#27;[2m2024-12-21 20:39:12.328&amp#27;[0;39m &amp#27;[32m INFO&amp#27;[0;39m &amp#27;[35m91125&amp#27;[0;39m &amp#27;[2m---&amp#27;[0;39m &amp#27;[2m[           main]&amp#27;[0;39m &amp#27;[36m.b.t.c.SpringBootTestContextBootstrapper&amp#27;[0;39m &amp#27;[2m:&amp#27;[0;39m Loaded default TestExecutionListener class names from location [META-INF/spring.factories]: [org.springframework.boot.test.mock.mockito.MockitoTestExecutionListener, org.springframework.boot.test.mock.mockito.ResetMocksTestExecutionListener, org.springframework.boot.test.autoconfigure.restdocs.RestDocsTestExecutionListener, org.springframework.boot.test.autoconfigure.web.client.MockRestServiceServerResetTestExecutionListener, org.springframework.boot.test.autoconfigure.web.servlet.MockMvcPrintOnlyOnFailureTestExecutionListener, org.springframework.boot.test.autoconfigure.web.servlet.WebDriverTestExecutionListener, org.springframework.boot.test.autoconfigure.webservices.client.MockWebServiceServerTestExecutionListener, org.springframework.test.context.web.ServletTestExecutionListener, org.springframework.test.context.support.DirtiesContextBeforeModesTestExecutionListener, org.springframework.test.context.event.ApplicationEventsTestExecutionListener, org.springframework.test.context.support.DependencyInjectionTestExecutionListener, org.springframework.test.context.support.DirtiesContextTestExecutionListener, org.springframework.test.context.transaction.TransactionalTestExecutionListener, org.springframework.test.context.jdbc.SqlScriptsTestExecutionListener, org.springframework.test.context.event.EventPublishingTestExecutionListener]
&amp#27;[2m2024-12-21 20:39:12.331&amp#27;[0;39m &amp#27;[32m INFO&amp#27;[0;39m &amp#27;[35m91125&amp#27;[0;39m &amp#27;[2m---&amp#27;[0;39m &amp#27;[2m[           main]&amp#27;[0;39m &amp#27;[36m.b.t.c.SpringBootTestContextBootstrapper&amp#27;[0;39m &amp#27;[2m:&amp#27;[0;39m Using TestExecutionListeners: [org.springframework.test.context.web.ServletTestExecutionListener@6e0dec27, org.springframework.test.context.support.DirtiesContextBeforeModesTestExecutionListener@3857c5d5, org.springframework.test.context.event.ApplicationEventsTestExecutionListener@237824b0, org.springframework.boot.test.mock.mockito.MockitoTestExecutionListener@52a8f789, org.springframework.boot.test.autoconfigure.SpringBootDependencyInjectionTestExecutionListener@5345552f, org.springframework.test.context.support.DirtiesContextTestExecutionListener@55ba4bff, org.springframework.test.context.transaction.TransactionalTestExecutionListener@3705a85c, org.springframework.test.context.jdbc.SqlScriptsTestExecutionListener@2284058a, org.springframework.test.context.event.EventPublishingTestExecutionListener@5b11d0d8, org.springframework.boot.test.mock.mockito.ResetMocksTestExecutionListener@5cf39df6, org.springframework.boot.test.autoconfigure.restdocs.RestDocsTestExecutionListener@46ae897c, org.springframework.boot.test.autoconfigure.web.client.MockRestServiceServerResetTestExecutionListener@44846c76, org.springframework.boot.test.autoconfigure.web.servlet.MockMvcPrintOnlyOnFailureTestExecutionListener@1146e32e, org.springframework.boot.test.autoconfigure.web.servlet.WebDriverTestExecutionListener@511ad0dd, org.springframework.boot.test.autoconfigure.webservices.client.MockWebServiceServerTestExecutionListener@634d56eb]
]]></system-out>
  </testcase>
</testsuite>